# JRE version: OpenJDK Runtime Environment (11.0.4+10) (build 11.0.4+10-b304.69)
# Java VM: OpenJDK 64-Bit Server VM (11.0.4+10-b304.69, mixed mode, sharing, tiered, compressed oops, g1 gc, windows-amd64)
Heap:
 garbage-first heap   total 65536K, used 33843K [0x00000000c1e00000, 0x0000000100000000)
  region size 1024K, 29 young (29696K), 5 survivors (5120K)
 Metaspace       used 23223K, capacity 23843K, committed 23984K, reserved 1071104K
  class space    used 2979K, capacity 3234K, committed 3328K, reserved 1048576K
GC Heap History (10 events):
Event: 1.389 GC heap before
{Heap before GC invocations=0 (full 0):
 garbage-first heap   total 65536K, used 13312K [0x00000000c1e00000, 0x0000000100000000)
  region size 1024K, 14 young (14336K), 0 survivors (0K)
 Metaspace       used 2574K, capacity 5418K, committed 5760K, reserved 1056768K
  class space    used 288K, capacity 550K, committed 640K, reserved 1048576K
}
Event: 1.399 GC heap after
{Heap after GC invocations=1 (full 0):
 garbage-first heap   total 65536K, used 5816K [0x00000000c1e00000, 0x0000000100000000)
  region size 1024K, 2 young (2048K), 2 survivors (2048K)
 Metaspace       used 2574K, capacity 5418K, committed 5760K, reserved 1056768K
  class space    used 288K, capacity 550K, committed 640K, reserved 1048576K
}
Event: 1.933 GC heap before
{Heap before GC invocations=1 (full 0):
 garbage-first heap   total 65536K, used 18104K [0x00000000c1e00000, 0x0000000100000000)
  region size 1024K, 14 young (14336K), 2 survivors (2048K)
 Metaspace       used 4769K, capacity 6908K, committed 7040K, reserved 1056768K
  class space    used 546K, capacity 770K, committed 896K, reserved 1048576K
}
Event: 1.940 GC heap after
{Heap after GC invocations=2 (full 0):
 garbage-first heap   total 65536K, used 6848K [0x00000000c1e00000, 0x0000000100000000)
  region size 1024K, 2 young (2048K), 2 survivors (2048K)
 Metaspace       used 4769K, capacity 6908K, committed 7040K, reserved 1056768K
  class space    used 546K, capacity 770K, committed 896K, reserved 1048576K
}
Event: 2.930 GC heap before
{Heap before GC invocations=2 (full 0):
 garbage-first heap   total 65536K, used 28352K [0x00000000c1e00000, 0x0000000100000000)
  region size 1024K, 24 young (24576K), 2 survivors (2048K)
 Metaspace       used 8428K, capacity 9828K, committed 9984K, reserved 1058816K
  class space    used 1016K, capacity 1188K, committed 1280K, reserved 1048576K
}
Event: 2.940 GC heap after
{Heap after GC invocations=3 (full 0):
 garbage-first heap   total 65536K, used 7717K [0x00000000c1e00000, 0x0000000100000000)
  region size 1024K, 2 young (2048K), 2 survivors (2048K)
 Metaspace       used 8428K, capacity 9828K, committed 9984K, reserved 1058816K
  class space    used 1016K, capacity 1188K, committed 1280K, reserved 1048576K
}
Event: 4.396 GC heap before
{Heap before GC invocations=3 (full 0):
 garbage-first heap   total 65536K, used 38437K [0x00000000c1e00000, 0x0000000100000000)
  region size 1024K, 32 young (32768K), 2 survivors (2048K)
 Metaspace       used 14055K, capacity 14633K, committed 14720K, reserved 1062912K
  class space    used 1744K, capacity 1880K, committed 1920K, reserved 1048576K
}
Event: 4.404 GC heap after
{Heap after GC invocations=4 (full 0):
 garbage-first heap   total 65536K, used 9096K [0x00000000c1e00000, 0x0000000100000000)
  region size 1024K, 4 young (4096K), 4 survivors (4096K)
 Metaspace       used 14055K, capacity 14633K, committed 14720K, reserved 1062912K
  class space    used 1744K, capacity 1880K, committed 1920K, reserved 1048576K
}
Event: 5.502 GC heap before
{Heap before GC invocations=4 (full 0):
 garbage-first heap   total 65536K, used 36744K [0x00000000c1e00000, 0x0000000100000000)
  region size 1024K, 32 young (32768K), 4 survivors (4096K)
 Metaspace       used 20562K, capacity 21095K, committed 21296K, reserved 1067008K
  class space    used 2623K, capacity 2830K, committed 2944K, reserved 1048576K
}
Event: 5.519 GC heap after
{Heap after GC invocations=5 (full 0):
 garbage-first heap   total 65536K, used 11315K [0x00000000c1e00000, 0x0000000100000000)
  region size 1024K, 5 young (5120K), 5 survivors (5120K)
 Metaspace       used 20562K, capacity 21095K, committed 21296K, reserved 1067008K
  class space    used 2623K, capacity 2830K, committed 2944K, reserved 1048576K
}

