# JRE version: Java(TM) SE Runtime Environment (8.0_221-b11) (build 1.8.0_221-b11)
# Java VM: Java HotSpot(TM) 64-Bit Server VM (25.221-b11 mixed mode windows-amd64 compressed oops)
Heap:
 PSYoungGen      total 214016K, used 47149K [0x00000000eb500000, 0x00000000fa400000, 0x0000000100000000)
  eden space 198144K, 15% used [0x00000000eb500000,0x00000000ed3e1680,0x00000000f7680000)
  from space 15872K, 97% used [0x00000000f9480000,0x00000000fa3aa0c0,0x00000000fa400000)
  to   space 22528K, 0% used [0x00000000f7800000,0x00000000f7800000,0x00000000f8e00000)
 ParOldGen       total 96768K, used 45202K [0x00000000c1e00000, 0x00000000c7c80000, 0x00000000eb500000)
  object space 96768K, 46% used [0x00000000c1e00000,0x00000000c4a24838,0x00000000c7c80000)
 Metaspace       used 27855K, capacity 28520K, committed 28672K, reserved 1075200K
  class space    used 3129K, capacity 3316K, committed 3328K, reserved 1048576K
GC Heap History (10 events):
Event: 15.855 GC heap before
{Heap before GC invocations=10 (full 1):
 PSYoungGen      total 139776K, used 126976K [0x00000000eb500000, 0x00000000f5000000, 0x0000000100000000)
  eden space 126976K, 100% used [0x00000000eb500000,0x00000000f3100000,0x00000000f3100000)
  from space 12800K, 0% used [0x00000000f3f80000,0x00000000f3f80000,0x00000000f4c00000)
  to   space 14848K, 0% used [0x00000000f3100000,0x00000000f3100000,0x00000000f3f80000)
 ParOldGen       total 53248K, used 21569K [0x00000000c1e00000, 0x00000000c5200000, 0x00000000eb500000)
  object space 53248K, 40% used [0x00000000c1e00000,0x00000000c33104e8,0x00000000c5200000)
 Metaspace       used 24119K, capacity 24632K, committed 24704K, reserved 1071104K
  class space    used 2765K, capacity 2920K, committed 2944K, reserved 1048576K
Event: 15.907 GC heap after
Heap after GC invocations=10 (full 1):
 PSYoungGen      total 141824K, used 14832K [0x00000000eb500000, 0x00000000f7b00000, 0x0000000100000000)
  eden space 126976K, 0% used [0x00000000eb500000,0x00000000eb500000,0x00000000f3100000)
  from space 14848K, 99% used [0x00000000f3100000,0x00000000f3f7c180,0x00000000f3f80000)
  to   space 20480K, 0% used [0x00000000f6700000,0x00000000f6700000,0x00000000f7b00000)
 ParOldGen       total 53248K, used 30557K [0x00000000c1e00000, 0x00000000c5200000, 0x00000000eb500000)
  object space 53248K, 57% used [0x00000000c1e00000,0x00000000c3bd76c8,0x00000000c5200000)
 Metaspace       used 24119K, capacity 24632K, committed 24704K, reserved 1071104K
  class space    used 2765K, capacity 2920K, committed 2944K, reserved 1048576K
}
Event: 18.387 GC heap before
{Heap before GC invocations=11 (full 1):
 PSYoungGen      total 141824K, used 141808K [0x00000000eb500000, 0x00000000f7b00000, 0x0000000100000000)
  eden space 126976K, 100% used [0x00000000eb500000,0x00000000f3100000,0x00000000f3100000)
  from space 14848K, 99% used [0x00000000f3100000,0x00000000f3f7c180,0x00000000f3f80000)
  to   space 20480K, 0% used [0x00000000f6700000,0x00000000f6700000,0x00000000f7b00000)
 ParOldGen       total 53248K, used 30557K [0x00000000c1e00000, 0x00000000c5200000, 0x00000000eb500000)
  object space 53248K, 57% used [0x00000000c1e00000,0x00000000c3bd76c8,0x00000000c5200000)
 Metaspace       used 24736K, capacity 25428K, committed 25600K, reserved 1071104K
  class space    used 2831K, capacity 3010K, committed 3072K, reserved 1048576K
Event: 18.504 GC heap after
Heap after GC invocations=11 (full 1):
 PSYoungGen      total 179712K, used 18609K [0x00000000eb500000, 0x00000000f8680000, 0x0000000100000000)
  eden space 159232K, 0% used [0x00000000eb500000,0x00000000eb500000,0x00000000f5080000)
  from space 20480K, 90% used [0x00000000f6700000,0x00000000f792c7f0,0x00000000f7b00000)
  to   space 23040K, 0% used [0x00000000f5080000,0x00000000f5080000,0x00000000f6700000)
 ParOldGen       total 53248K, used 30557K [0x00000000c1e00000, 0x00000000c5200000, 0x00000000eb500000)
  object space 53248K, 57% used [0x00000000c1e00000,0x00000000c3bd76c8,0x00000000c5200000)
 Metaspace       used 24736K, capacity 25428K, committed 25600K, reserved 1071104K
  class space    used 2831K, capacity 3010K, committed 3072K, reserved 1048576K
}
Event: 23.396 GC heap before
{Heap before GC invocations=12 (full 1):
 PSYoungGen      total 179712K, used 177841K [0x00000000eb500000, 0x00000000f8680000, 0x0000000100000000)
  eden space 159232K, 100% used [0x00000000eb500000,0x00000000f5080000,0x00000000f5080000)
  from space 20480K, 90% used [0x00000000f6700000,0x00000000f792c7f0,0x00000000f7b00000)
  to   space 23040K, 0% used [0x00000000f5080000,0x00000000f5080000,0x00000000f6700000)
 ParOldGen       total 53248K, used 30557K [0x00000000c1e00000, 0x00000000c5200000, 0x00000000eb500000)
  object space 53248K, 57% used [0x00000000c1e00000,0x00000000c3bd76c8,0x00000000c5200000)
 Metaspace       used 24966K, capacity 25564K, committed 25856K, reserved 1073152K
  class space    used 2834K, capacity 3013K, committed 3072K, reserved 1048576K
Event: 23.435 GC heap after
Heap after GC invocations=12 (full 1):
 PSYoungGen      total 182272K, used 9812K [0x00000000eb500000, 0x00000000faa00000, 0x0000000100000000)
  eden space 159232K, 0% used [0x00000000eb500000,0x00000000eb500000,0x00000000f5080000)
  from space 23040K, 42% used [0x00000000f5080000,0x00000000f5a150e0,0x00000000f6700000)
  to   space 22016K, 0% used [0x00000000f9480000,0x00000000f9480000,0x00000000faa00000)
 ParOldGen       total 53248K, used 45672K [0x00000000c1e00000, 0x00000000c5200000, 0x00000000eb500000)
  object space 53248K, 85% used [0x00000000c1e00000,0x00000000c4a9a3c0,0x00000000c5200000)
 Metaspace       used 24966K, capacity 25564K, committed 25856K, reserved 1073152K
  class space    used 2834K, capacity 3013K, committed 3072K, reserved 1048576K
}
Event: 23.435 GC heap before
{Heap before GC invocations=13 (full 2):
 PSYoungGen      total 182272K, used 9812K [0x00000000eb500000, 0x00000000faa00000, 0x0000000100000000)
  eden space 159232K, 0% used [0x00000000eb500000,0x00000000eb500000,0x00000000f5080000)
  from space 23040K, 42% used [0x00000000f5080000,0x00000000f5a150e0,0x00000000f6700000)
  to   space 22016K, 0% used [0x00000000f9480000,0x00000000f9480000,0x00000000faa00000)
 ParOldGen       total 53248K, used 45672K [0x00000000c1e00000, 0x00000000c5200000, 0x00000000eb500000)
  object space 53248K, 85% used [0x00000000c1e00000,0x00000000c4a9a3c0,0x00000000c5200000)
 Metaspace       used 24966K, capacity 25564K, committed 25856K, reserved 1073152K
  class space    used 2834K, capacity 3013K, committed 3072K, reserved 1048576K
Event: 23.779 GC heap after
Heap after GC invocations=13 (full 2):
 PSYoungGen      total 182272K, used 0K [0x00000000eb500000, 0x00000000faa00000, 0x0000000100000000)
  eden space 159232K, 0% used [0x00000000eb500000,0x00000000eb500000,0x00000000f5080000)
  from space 23040K, 0% used [0x00000000f5080000,0x00000000f5080000,0x00000000f6700000)
  to   space 22016K, 0% used [0x00000000f9480000,0x00000000f9480000,0x00000000faa00000)
 ParOldGen       total 96768K, used 45194K [0x00000000c1e00000, 0x00000000c7c80000, 0x00000000eb500000)
  object space 96768K, 46% used [0x00000000c1e00000,0x00000000c4a22838,0x00000000c7c80000)
 Metaspace       used 24966K, capacity 25564K, committed 25856K, reserved 1073152K
  class space    used 2834K, capacity 3013K, committed 3072K, reserved 1048576K
}
Event: 29.500 GC heap before
{Heap before GC invocations=14 (full 2):
 PSYoungGen      total 182272K, used 159232K [0x00000000eb500000, 0x00000000faa00000, 0x0000000100000000)
  eden space 159232K, 100% used [0x00000000eb500000,0x00000000f5080000,0x00000000f5080000)
  from space 23040K, 0% used [0x00000000f5080000,0x00000000f5080000,0x00000000f6700000)
  to   space 22016K, 0% used [0x00000000f9480000,0x00000000f9480000,0x00000000faa00000)
 ParOldGen       total 96768K, used 45194K [0x00000000c1e00000, 0x00000000c7c80000, 0x00000000eb500000)
  object space 96768K, 46% used [0x00000000c1e00000,0x00000000c4a22838,0x00000000c7c80000)
 Metaspace       used 27446K, capacity 28166K, committed 28416K, reserved 1075200K
  class space    used 3080K, capacity 3282K, committed 3328K, reserved 1048576K
Event: 29.533 GC heap after
Heap after GC invocations=14 (full 2):
 PSYoungGen      total 214016K, used 15528K [0x00000000eb500000, 0x00000000fa400000, 0x0000000100000000)
  eden space 198144K, 0% used [0x00000000eb500000,0x00000000eb500000,0x00000000f7680000)
  from space 15872K, 97% used [0x00000000f9480000,0x00000000fa3aa0c0,0x00000000fa400000)
  to   space 22528K, 0% used [0x00000000f7800000,0x00000000f7800000,0x00000000f8e00000)
 ParOldGen       total 96768K, used 45202K [0x00000000c1e00000, 0x00000000c7c80000, 0x00000000eb500000)
  object space 96768K, 46% used [0x00000000c1e00000,0x00000000c4a24838,0x00000000c7c80000)
 Metaspace       used 27446K, capacity 28166K, committed 28416K, reserved 1075200K
  class space    used 3080K, capacity 3282K, committed 3328K, reserved 1048576K
}

