# JRE version: Java(TM) SE Runtime Environment (8.0_221-b11) (build 1.8.0_221-b11)
# Java VM: Java HotSpot(TM) 64-Bit Server VM (25.221-b11 mixed mode windows-amd64 compressed oops)
Heap:
 PSYoungGen      total 141824K, used 39645K [0x00000000eb500000, 0x00000000f7a00000, 0x0000000100000000)
  eden space 127488K, 19% used [0x00000000eb500000,0x00000000ecdb9d28,0x00000000f3180000)
  from space 14336K, 99% used [0x00000000f3180000,0x00000000f3f7d8a8,0x00000000f3f80000)
  to   space 19456K, 0% used [0x00000000f6700000,0x00000000f6700000,0x00000000f7a00000)
 ParOldGen       total 51200K, used 26574K [0x00000000c1e00000, 0x00000000c5000000, 0x00000000eb500000)
  object space 51200K, 51% used [0x00000000c1e00000,0x00000000c37f3b38,0x00000000c5000000)
 Metaspace       used 24404K, capacity 24996K, committed 25088K, reserved 1071104K
  class space    used 2822K, capacity 3002K, committed 3072K, reserved 1048576K
GC Heap History (10 events):
Event: 4.125 GC heap before
{Heap before GC invocations=6 (full 0):
 PSYoungGen      total 35328K, used 35312K [0x00000000eb500000, 0x00000000f0500000, 0x0000000100000000)
  eden space 32768K, 100% used [0x00000000eb500000,0x00000000ed500000,0x00000000ed500000)
  from space 2560K, 99% used [0x00000000ed500000,0x00000000ed77c010,0x00000000ed780000)
  to   space 8192K, 0% used [0x00000000efd00000,0x00000000efd00000,0x00000000f0500000)
 ParOldGen       total 44032K, used 11751K [0x00000000c1e00000, 0x00000000c4900000, 0x00000000eb500000)
  object space 44032K, 26% used [0x00000000c1e00000,0x00000000c2979f20,0x00000000c4900000)
 Metaspace       used 15549K, capacity 15770K, committed 16128K, reserved 1062912K
  class space    used 1866K, capacity 1977K, committed 2048K, reserved 1048576K
Event: 4.155 GC heap after
Heap after GC invocations=6 (full 0):
 PSYoungGen      total 72704K, used 7629K [0x00000000eb500000, 0x00000000f0700000, 0x0000000100000000)
  eden space 64512K, 0% used [0x00000000eb500000,0x00000000eb500000,0x00000000ef400000)
  from space 8192K, 93% used [0x00000000efd00000,0x00000000f04737d0,0x00000000f0500000)
  to   space 9216K, 0% used [0x00000000ef400000,0x00000000ef400000,0x00000000efd00000)
 ParOldGen       total 44032K, used 11759K [0x00000000c1e00000, 0x00000000c4900000, 0x00000000eb500000)
  object space 44032K, 26% used [0x00000000c1e00000,0x00000000c297bf20,0x00000000c4900000)
 Metaspace       used 15549K, capacity 15770K, committed 16128K, reserved 1062912K
  class space    used 1866K, capacity 1977K, committed 2048K, reserved 1048576K
}
Event: 6.249 GC heap before
{Heap before GC invocations=7 (full 0):
 PSYoungGen      total 72704K, used 72141K [0x00000000eb500000, 0x00000000f0700000, 0x0000000100000000)
  eden space 64512K, 100% used [0x00000000eb500000,0x00000000ef400000,0x00000000ef400000)
  from space 8192K, 93% used [0x00000000efd00000,0x00000000f04737d0,0x00000000f0500000)
  to   space 9216K, 0% used [0x00000000ef400000,0x00000000ef400000,0x00000000efd00000)
 ParOldGen       total 44032K, used 11759K [0x00000000c1e00000, 0x00000000c4900000, 0x00000000eb500000)
  object space 44032K, 26% used [0x00000000c1e00000,0x00000000c297bf20,0x00000000c4900000)
 Metaspace       used 16359K, capacity 16606K, committed 16896K, reserved 1064960K
  class space    used 1902K, capacity 1989K, committed 2048K, reserved 1048576K
Event: 6.275 GC heap after
Heap after GC invocations=7 (full 0):
 PSYoungGen      total 73728K, used 9200K [0x00000000eb500000, 0x00000000f4c00000, 0x0000000100000000)
  eden space 64512K, 0% used [0x00000000eb500000,0x00000000eb500000,0x00000000ef400000)
  from space 9216K, 99% used [0x00000000ef400000,0x00000000efcfc030,0x00000000efd00000)
  to   space 12800K, 0% used [0x00000000f3f80000,0x00000000f3f80000,0x00000000f4c00000)
 ParOldGen       total 44032K, used 15907K [0x00000000c1e00000, 0x00000000c4900000, 0x00000000eb500000)
  object space 44032K, 36% used [0x00000000c1e00000,0x00000000c2d88dd8,0x00000000c4900000)
 Metaspace       used 16359K, capacity 16606K, committed 16896K, reserved 1064960K
  class space    used 1902K, capacity 1989K, committed 2048K, reserved 1048576K
}
Event: 7.508 GC heap before
{Heap before GC invocations=8 (full 0):
 PSYoungGen      total 73728K, used 53316K [0x00000000eb500000, 0x00000000f4c00000, 0x0000000100000000)
  eden space 64512K, 68% used [0x00000000eb500000,0x00000000ee0150c8,0x00000000ef400000)
  from space 9216K, 99% used [0x00000000ef400000,0x00000000efcfc030,0x00000000efd00000)
  to   space 12800K, 0% used [0x00000000f3f80000,0x00000000f3f80000,0x00000000f4c00000)
 ParOldGen       total 44032K, used 15907K [0x00000000c1e00000, 0x00000000c4900000, 0x00000000eb500000)
  object space 44032K, 36% used [0x00000000c1e00000,0x00000000c2d88dd8,0x00000000c4900000)
 Metaspace       used 20686K, capacity 21096K, committed 21296K, reserved 1069056K
  class space    used 2467K, capacity 2618K, committed 2688K, reserved 1048576K
Event: 7.531 GC heap after
Heap after GC invocations=8 (full 0):
 PSYoungGen      total 140288K, used 11901K [0x00000000eb500000, 0x00000000f4f00000, 0x0000000100000000)
  eden space 127488K, 0% used [0x00000000eb500000,0x00000000eb500000,0x00000000f3180000)
  from space 12800K, 92% used [0x00000000f3f80000,0x00000000f4b1f698,0x00000000f4c00000)
  to   space 14336K, 0% used [0x00000000f3180000,0x00000000f3180000,0x00000000f3f80000)
 ParOldGen       total 44032K, used 16589K [0x00000000c1e00000, 0x00000000c4900000, 0x00000000eb500000)
  object space 44032K, 37% used [0x00000000c1e00000,0x00000000c2e33608,0x00000000c4900000)
 Metaspace       used 20686K, capacity 21096K, committed 21296K, reserved 1069056K
  class space    used 2467K, capacity 2618K, committed 2688K, reserved 1048576K
}
Event: 7.531 GC heap before
{Heap before GC invocations=9 (full 1):
 PSYoungGen      total 140288K, used 11901K [0x00000000eb500000, 0x00000000f4f00000, 0x0000000100000000)
  eden space 127488K, 0% used [0x00000000eb500000,0x00000000eb500000,0x00000000f3180000)
  from space 12800K, 92% used [0x00000000f3f80000,0x00000000f4b1f698,0x00000000f4c00000)
  to   space 14336K, 0% used [0x00000000f3180000,0x00000000f3180000,0x00000000f3f80000)
 ParOldGen       total 44032K, used 16589K [0x00000000c1e00000, 0x00000000c4900000, 0x00000000eb500000)
  object space 44032K, 37% used [0x00000000c1e00000,0x00000000c2e33608,0x00000000c4900000)
 Metaspace       used 20686K, capacity 21096K, committed 21296K, reserved 1069056K
  class space    used 2467K, capacity 2618K, committed 2688K, reserved 1048576K
Event: 7.673 GC heap after
Heap after GC invocations=9 (full 1):
 PSYoungGen      total 140288K, used 0K [0x00000000eb500000, 0x00000000f4f00000, 0x0000000100000000)
  eden space 127488K, 0% used [0x00000000eb500000,0x00000000eb500000,0x00000000f3180000)
  from space 12800K, 0% used [0x00000000f3f80000,0x00000000f3f80000,0x00000000f4c00000)
  to   space 14336K, 0% used [0x00000000f3180000,0x00000000f3180000,0x00000000f3f80000)
 ParOldGen       total 51200K, used 20059K [0x00000000c1e00000, 0x00000000c5000000, 0x00000000eb500000)
  object space 51200K, 39% used [0x00000000c1e00000,0x00000000c3196c10,0x00000000c5000000)
 Metaspace       used 20686K, capacity 21096K, committed 21296K, reserved 1069056K
  class space    used 2467K, capacity 2618K, committed 2688K, reserved 1048576K
}
Event: 11.649 GC heap before
{Heap before GC invocations=10 (full 1):
 PSYoungGen      total 140288K, used 127488K [0x00000000eb500000, 0x00000000f4f00000, 0x0000000100000000)
  eden space 127488K, 100% used [0x00000000eb500000,0x00000000f3180000,0x00000000f3180000)
  from space 12800K, 0% used [0x00000000f3f80000,0x00000000f3f80000,0x00000000f4c00000)
  to   space 14336K, 0% used [0x00000000f3180000,0x00000000f3180000,0x00000000f3f80000)
 ParOldGen       total 51200K, used 20059K [0x00000000c1e00000, 0x00000000c5000000, 0x00000000eb500000)
  object space 51200K, 39% used [0x00000000c1e00000,0x00000000c3196c10,0x00000000c5000000)
 Metaspace       used 24192K, capacity 24770K, committed 25088K, reserved 1071104K
  class space    used 2797K, capacity 2959K, committed 3072K, reserved 1048576K
Event: 11.688 GC heap after
Heap after GC invocations=10 (full 1):
 PSYoungGen      total 141824K, used 14326K [0x00000000eb500000, 0x00000000f7a00000, 0x0000000100000000)
  eden space 127488K, 0% used [0x00000000eb500000,0x00000000eb500000,0x00000000f3180000)
  from space 14336K, 99% used [0x00000000f3180000,0x00000000f3f7d8a8,0x00000000f3f80000)
  to   space 19456K, 0% used [0x00000000f6700000,0x00000000f6700000,0x00000000f7a00000)
 ParOldGen       total 51200K, used 26574K [0x00000000c1e00000, 0x00000000c5000000, 0x00000000eb500000)
  object space 51200K, 51% used [0x00000000c1e00000,0x00000000c37f3b38,0x00000000c5000000)
 Metaspace       used 24192K, capacity 24770K, committed 25088K, reserved 1071104K
  class space    used 2797K, capacity 2959K, committed 3072K, reserved 1048576K
}

