# JRE version: Java(TM) SE Runtime Environment (8.0_221-b11) (build 1.8.0_221-b11)
# Java VM: Java HotSpot(TM) 64-Bit Server VM (25.221-b11 mixed mode windows-amd64 compressed oops)
Heap:
 PSYoungGen      total 305664K, used 16441K [0x00000000eb500000, 0x0000000100000000, 0x0000000100000000)
  eden space 272384K, 6% used [0x00000000eb500000,0x00000000ec50e750,0x00000000fbf00000)
  from space 33280K, 0% used [0x00000000fdf80000,0x00000000fdf80000,0x0000000100000000)
  to   space 33280K, 0% used [0x00000000fbf00000,0x00000000fbf00000,0x00000000fdf80000)
 ParOldGen       total 144384K, used 53676K [0x00000000c1e00000, 0x00000000cab00000, 0x00000000eb500000)
  object space 144384K, 37% used [0x00000000c1e00000,0x00000000c526b3b8,0x00000000cab00000)
 Metaspace       used 68320K, capacity 71172K, committed 71500K, reserved 1112064K
  class space    used 8372K, capacity 8952K, committed 9088K, reserved 1048576K
GC Heap History (10 events):
Event: 23.785 GC heap before
{Heap before GC invocations=16 (full 3):
 PSYoungGen      total 223744K, used 22520K [0x00000000eb500000, 0x00000000fdc00000, 0x0000000100000000)
  eden space 201216K, 0% used [0x00000000eb500000,0x00000000eb500000,0x00000000f7980000)
  from space 22528K, 99% used [0x00000000f7980000,0x00000000f8f7e300,0x00000000f8f80000)
  to   space 28160K, 0% used [0x00000000fc080000,0x00000000fc080000,0x00000000fdc00000)
 ParOldGen       total 94720K, used 49462K [0x00000000c1e00000, 0x00000000c7a80000, 0x00000000eb500000)
  object space 94720K, 52% used [0x00000000c1e00000,0x00000000c4e4d918,0x00000000c7a80000)
 Metaspace       used 41472K, capacity 42616K, committed 42668K, reserved 1087488K
  class space    used 5000K, capacity 5336K, committed 5376K, reserved 1048576K
Event: 24.159 GC heap after
Heap after GC invocations=16 (full 3):
 PSYoungGen      total 223744K, used 0K [0x00000000eb500000, 0x00000000fdc00000, 0x0000000100000000)
  eden space 201216K, 0% used [0x00000000eb500000,0x00000000eb500000,0x00000000f7980000)
  from space 22528K, 0% used [0x00000000f7980000,0x00000000f7980000,0x00000000f8f80000)
  to   space 28160K, 0% used [0x00000000fc080000,0x00000000fc080000,0x00000000fdc00000)
 ParOldGen       total 113152K, used 46224K [0x00000000c1e00000, 0x00000000c8c80000, 0x00000000eb500000)
  object space 113152K, 40% used [0x00000000c1e00000,0x00000000c4b24058,0x00000000c8c80000)
 Metaspace       used 38956K, capacity 39962K, committed 42668K, reserved 1087488K
  class space    used 4675K, capacity 4985K, committed 5376K, reserved 1048576K
}
Event: 30.988 GC heap before
{Heap before GC invocations=17 (full 3):
 PSYoungGen      total 223744K, used 201216K [0x00000000eb500000, 0x00000000fdc00000, 0x0000000100000000)
  eden space 201216K, 100% used [0x00000000eb500000,0x00000000f7980000,0x00000000f7980000)
  from space 22528K, 0% used [0x00000000f7980000,0x00000000f7980000,0x00000000f8f80000)
  to   space 28160K, 0% used [0x00000000fc080000,0x00000000fc080000,0x00000000fdc00000)
 ParOldGen       total 113152K, used 46224K [0x00000000c1e00000, 0x00000000c8c80000, 0x00000000eb500000)
  object space 113152K, 40% used [0x00000000c1e00000,0x00000000c4b24058,0x00000000c8c80000)
 Metaspace       used 53358K, capacity 55416K, committed 55552K, reserved 1097728K
  class space    used 6630K, capacity 7106K, committed 7168K, reserved 1048576K
Event: 31.028 GC heap after
Heap after GC invocations=17 (full 3):
 PSYoungGen      total 265728K, used 20447K [0x00000000eb500000, 0x00000000fd980000, 0x0000000100000000)
  eden space 240128K, 0% used [0x00000000eb500000,0x00000000eb500000,0x00000000f9f80000)
  from space 25600K, 79% used [0x00000000fc080000,0x00000000fd477e70,0x00000000fd980000)
  to   space 29696K, 0% used [0x00000000f9f80000,0x00000000f9f80000,0x00000000fbc80000)
 ParOldGen       total 113152K, used 46232K [0x00000000c1e00000, 0x00000000c8c80000, 0x00000000eb500000)
  object space 113152K, 40% used [0x00000000c1e00000,0x00000000c4b26058,0x00000000c8c80000)
 Metaspace       used 53358K, capacity 55416K, committed 55552K, reserved 1097728K
  class space    used 6630K, capacity 7106K, committed 7168K, reserved 1048576K
}
Event: 71.589 GC heap before
{Heap before GC invocations=18 (full 3):
 PSYoungGen      total 265728K, used 260575K [0x00000000eb500000, 0x00000000fd980000, 0x0000000100000000)
  eden space 240128K, 100% used [0x00000000eb500000,0x00000000f9f80000,0x00000000f9f80000)
  from space 25600K, 79% used [0x00000000fc080000,0x00000000fd477e70,0x00000000fd980000)
  to   space 29696K, 0% used [0x00000000f9f80000,0x00000000f9f80000,0x00000000fbc80000)
 ParOldGen       total 113152K, used 46232K [0x00000000c1e00000, 0x00000000c8c80000, 0x00000000eb500000)
  object space 113152K, 40% used [0x00000000c1e00000,0x00000000c4b26058,0x00000000c8c80000)
 Metaspace       used 67868K, capacity 70684K, committed 70912K, reserved 1112064K
  class space    used 8327K, capacity 8878K, committed 8960K, reserved 1048576K
Event: 71.644 GC heap after
Heap after GC invocations=18 (full 3):
 PSYoungGen      total 269824K, used 27814K [0x00000000eb500000, 0x0000000100000000, 0x0000000100000000)
  eden space 240128K, 0% used [0x00000000eb500000,0x00000000eb500000,0x00000000f9f80000)
  from space 29696K, 93% used [0x00000000f9f80000,0x00000000fbaa9920,0x00000000fbc80000)
  to   space 33280K, 0% used [0x00000000fdf80000,0x00000000fdf80000,0x0000000100000000)
 ParOldGen       total 113152K, used 46248K [0x00000000c1e00000, 0x00000000c8c80000, 0x00000000eb500000)
  object space 113152K, 40% used [0x00000000c1e00000,0x00000000c4b2a058,0x00000000c8c80000)
 Metaspace       used 67868K, capacity 70684K, committed 70912K, reserved 1112064K
  class space    used 8327K, capacity 8878K, committed 8960K, reserved 1048576K
}
Event: 88.576 GC heap before
{Heap before GC invocations=19 (full 3):
 PSYoungGen      total 269824K, used 38350K [0x00000000eb500000, 0x0000000100000000, 0x0000000100000000)
  eden space 240128K, 4% used [0x00000000eb500000,0x00000000ebf4a0c8,0x00000000f9f80000)
  from space 29696K, 93% used [0x00000000f9f80000,0x00000000fbaa9920,0x00000000fbc80000)
  to   space 33280K, 0% used [0x00000000fdf80000,0x00000000fdf80000,0x0000000100000000)
 ParOldGen       total 113152K, used 46248K [0x00000000c1e00000, 0x00000000c8c80000, 0x00000000eb500000)
  object space 113152K, 40% used [0x00000000c1e00000,0x00000000c4b2a058,0x00000000c8c80000)
 Metaspace       used 68273K, capacity 71052K, committed 71116K, reserved 1112064K
  class space    used 8363K, capacity 8914K, committed 8960K, reserved 1048576K
Event: 88.635 GC heap after
Heap after GC invocations=19 (full 3):
 PSYoungGen      total 305664K, used 19279K [0x00000000eb500000, 0x0000000100000000, 0x0000000100000000)
  eden space 272384K, 0% used [0x00000000eb500000,0x00000000eb500000,0x00000000fbf00000)
  from space 33280K, 57% used [0x00000000fdf80000,0x00000000ff253c20,0x0000000100000000)
  to   space 33280K, 0% used [0x00000000fbf00000,0x00000000fbf00000,0x00000000fdf80000)
 ParOldGen       total 113152K, used 46256K [0x00000000c1e00000, 0x00000000c8c80000, 0x00000000eb500000)
  object space 113152K, 40% used [0x00000000c1e00000,0x00000000c4b2c058,0x00000000c8c80000)
 Metaspace       used 68273K, capacity 71052K, committed 71116K, reserved 1112064K
  class space    used 8363K, capacity 8914K, committed 8960K, reserved 1048576K
}
Event: 88.635 GC heap before
{Heap before GC invocations=20 (full 4):
 PSYoungGen      total 305664K, used 19279K [0x00000000eb500000, 0x0000000100000000, 0x0000000100000000)
  eden space 272384K, 0% used [0x00000000eb500000,0x00000000eb500000,0x00000000fbf00000)
  from space 33280K, 57% used [0x00000000fdf80000,0x00000000ff253c20,0x0000000100000000)
  to   space 33280K, 0% used [0x00000000fbf00000,0x00000000fbf00000,0x00000000fdf80000)
 ParOldGen       total 113152K, used 46256K [0x00000000c1e00000, 0x00000000c8c80000, 0x00000000eb500000)
  object space 113152K, 40% used [0x00000000c1e00000,0x00000000c4b2c058,0x00000000c8c80000)
 Metaspace       used 68273K, capacity 71052K, committed 71116K, reserved 1112064K
  class space    used 8363K, capacity 8914K, committed 8960K, reserved 1048576K
Event: 89.265 GC heap after
Heap after GC invocations=20 (full 4):
 PSYoungGen      total 305664K, used 0K [0x00000000eb500000, 0x0000000100000000, 0x0000000100000000)
  eden space 272384K, 0% used [0x00000000eb500000,0x00000000eb500000,0x00000000fbf00000)
  from space 33280K, 0% used [0x00000000fdf80000,0x00000000fdf80000,0x0000000100000000)
  to   space 33280K, 0% used [0x00000000fbf00000,0x00000000fbf00000,0x00000000fdf80000)
 ParOldGen       total 144384K, used 53676K [0x00000000c1e00000, 0x00000000cab00000, 0x00000000eb500000)
  object space 144384K, 37% used [0x00000000c1e00000,0x00000000c526b3b8,0x00000000cab00000)
 Metaspace       used 68273K, capacity 71052K, committed 71116K, reserved 1112064K
  class space    used 8363K, capacity 8914K, committed 8960K, reserved 1048576K
}

