# JRE version: Java(TM) SE Runtime Environment (8.0_221-b11) (build 1.8.0_221-b11)
# Java VM: Java HotSpot(TM) 64-Bit Server VM (25.221-b11 mixed mode windows-amd64 compressed oops)
Heap:
 PSYoungGen      total 249344K, used 57227K [0x00000000d6000000, 0x00000000e7800000, 0x0000000100000000)
  eden space 233472K, 17% used [0x00000000d6000000,0x00000000d8867e90,0x00000000e4400000)
  from space 15872K, 99% used [0x00000000e6880000,0x00000000e77fb060,0x00000000e7800000)
  to   space 20992K, 0% used [0x00000000e5400000,0x00000000e5400000,0x00000000e6880000)
 ParOldGen       total 140800K, used 51392K [0x0000000082000000, 0x000000008a980000, 0x00000000d6000000)
  object space 140800K, 36% used [0x0000000082000000,0x0000000085230230,0x000000008a980000)
 Metaspace       used 55038K, capacity 57100K, committed 57344K, reserved 1099776K
  class space    used 6951K, capacity 7401K, committed 7424K, reserved 1048576K
GC Heap History (10 events):
Event: 11.516 GC heap before
{Heap before GC invocations=6 (full 1):
 PSYoungGen      total 136192K, used 5104K [0x00000000d6000000, 0x00000000e7d00000, 0x0000000100000000)
  eden space 131072K, 0% used [0x00000000d6000000,0x00000000d6000000,0x00000000de000000)
  from space 5120K, 99% used [0x00000000de000000,0x00000000de4fc010,0x00000000de500000)
  to   space 14848K, 0% used [0x00000000e6e80000,0x00000000e6e80000,0x00000000e7d00000)
 ParOldGen       total 86016K, used 21403K [0x0000000082000000, 0x0000000087400000, 0x00000000d6000000)
  object space 86016K, 24% used [0x0000000082000000,0x00000000834e6ed0,0x0000000087400000)
 Metaspace       used 20616K, capacity 21050K, committed 21296K, reserved 1069056K
  class space    used 2448K, capacity 2583K, committed 2688K, reserved 1048576K
Event: 11.806 GC heap after
Heap after GC invocations=6 (full 1):
 PSYoungGen      total 136192K, used 0K [0x00000000d6000000, 0x00000000e7d00000, 0x0000000100000000)
  eden space 131072K, 0% used [0x00000000d6000000,0x00000000d6000000,0x00000000de000000)
  from space 5120K, 0% used [0x00000000de000000,0x00000000de000000,0x00000000de500000)
  to   space 14848K, 0% used [0x00000000e6e80000,0x00000000e6e80000,0x00000000e7d00000)
 ParOldGen       total 84480K, used 20643K [0x0000000082000000, 0x0000000087280000, 0x00000000d6000000)
  object space 84480K, 24% used [0x0000000082000000,0x0000000083428fc0,0x0000000087280000)
 Metaspace       used 20616K, capacity 21050K, committed 21296K, reserved 1069056K
  class space    used 2448K, capacity 2583K, committed 2688K, reserved 1048576K
}
Event: 17.167 GC heap before
{Heap before GC invocations=7 (full 1):
 PSYoungGen      total 136192K, used 131072K [0x00000000d6000000, 0x00000000e7d00000, 0x0000000100000000)
  eden space 131072K, 100% used [0x00000000d6000000,0x00000000de000000,0x00000000de000000)
  from space 5120K, 0% used [0x00000000de000000,0x00000000de000000,0x00000000de500000)
  to   space 14848K, 0% used [0x00000000e6e80000,0x00000000e6e80000,0x00000000e7d00000)
 ParOldGen       total 84480K, used 20643K [0x0000000082000000, 0x0000000087280000, 0x00000000d6000000)
  object space 84480K, 24% used [0x0000000082000000,0x0000000083428fc0,0x0000000087280000)
 Metaspace       used 23990K, capacity 24524K, committed 24832K, reserved 1071104K
  class space    used 2811K, capacity 2951K, committed 3072K, reserved 1048576K
Event: 17.214 GC heap after
Heap after GC invocations=7 (full 1):
 PSYoungGen      total 189952K, used 14843K [0x00000000d6000000, 0x00000000e7d00000, 0x0000000100000000)
  eden space 175104K, 0% used [0x00000000d6000000,0x00000000d6000000,0x00000000e0b00000)
  from space 14848K, 99% used [0x00000000e6e80000,0x00000000e7cfeed0,0x00000000e7d00000)
  to   space 20992K, 0% used [0x00000000e5400000,0x00000000e5400000,0x00000000e6880000)
 ParOldGen       total 84480K, used 27217K [0x0000000082000000, 0x0000000087280000, 0x00000000d6000000)
  object space 84480K, 32% used [0x0000000082000000,0x0000000083a947d0,0x0000000087280000)
 Metaspace       used 23990K, capacity 24524K, committed 24832K, reserved 1071104K
  class space    used 2811K, capacity 2951K, committed 3072K, reserved 1048576K
}
Event: 20.587 GC heap before
{Heap before GC invocations=8 (full 1):
 PSYoungGen      total 189952K, used 116671K [0x00000000d6000000, 0x00000000e7d00000, 0x0000000100000000)
  eden space 175104K, 58% used [0x00000000d6000000,0x00000000dc370e28,0x00000000e0b00000)
  from space 14848K, 99% used [0x00000000e6e80000,0x00000000e7cfeed0,0x00000000e7d00000)
  to   space 20992K, 0% used [0x00000000e5400000,0x00000000e5400000,0x00000000e6880000)
 ParOldGen       total 84480K, used 27217K [0x0000000082000000, 0x0000000087280000, 0x00000000d6000000)
  object space 84480K, 32% used [0x0000000082000000,0x0000000083a947d0,0x0000000087280000)
 Metaspace       used 34453K, capacity 35348K, committed 35496K, reserved 1081344K
  class space    used 4309K, capacity 4588K, committed 4608K, reserved 1048576K
Event: 20.628 GC heap after
Heap after GC invocations=8 (full 1):
 PSYoungGen      total 254464K, used 20973K [0x00000000d6000000, 0x00000000e7800000, 0x0000000100000000)
  eden space 233472K, 0% used [0x00000000d6000000,0x00000000d6000000,0x00000000e4400000)
  from space 20992K, 99% used [0x00000000e5400000,0x00000000e687b510,0x00000000e6880000)
  to   space 15872K, 0% used [0x00000000e6880000,0x00000000e6880000,0x00000000e7800000)
 ParOldGen       total 84480K, used 31579K [0x0000000082000000, 0x0000000087280000, 0x00000000d6000000)
  object space 84480K, 37% used [0x0000000082000000,0x0000000083ed6c30,0x0000000087280000)
 Metaspace       used 34453K, capacity 35348K, committed 35496K, reserved 1081344K
  class space    used 4309K, capacity 4588K, committed 4608K, reserved 1048576K
}
Event: 20.628 GC heap before
{Heap before GC invocations=9 (full 2):
 PSYoungGen      total 254464K, used 20973K [0x00000000d6000000, 0x00000000e7800000, 0x0000000100000000)
  eden space 233472K, 0% used [0x00000000d6000000,0x00000000d6000000,0x00000000e4400000)
  from space 20992K, 99% used [0x00000000e5400000,0x00000000e687b510,0x00000000e6880000)
  to   space 15872K, 0% used [0x00000000e6880000,0x00000000e6880000,0x00000000e7800000)
 ParOldGen       total 84480K, used 31579K [0x0000000082000000, 0x0000000087280000, 0x00000000d6000000)
  object space 84480K, 37% used [0x0000000082000000,0x0000000083ed6c30,0x0000000087280000)
 Metaspace       used 34453K, capacity 35348K, committed 35496K, reserved 1081344K
  class space    used 4309K, capacity 4588K, committed 4608K, reserved 1048576K
Event: 20.819 GC heap after
Heap after GC invocations=9 (full 2):
 PSYoungGen      total 254464K, used 0K [0x00000000d6000000, 0x00000000e7800000, 0x0000000100000000)
  eden space 233472K, 0% used [0x00000000d6000000,0x00000000d6000000,0x00000000e4400000)
  from space 20992K, 0% used [0x00000000e5400000,0x00000000e5400000,0x00000000e6880000)
  to   space 15872K, 0% used [0x00000000e6880000,0x00000000e6880000,0x00000000e7800000)
 ParOldGen       total 140800K, used 41948K [0x0000000082000000, 0x000000008a980000, 0x00000000d6000000)
  object space 140800K, 29% used [0x0000000082000000,0x00000000848f73d0,0x000000008a980000)
 Metaspace       used 33456K, capacity 34280K, committed 35496K, reserved 1081344K
  class space    used 4171K, capacity 4445K, committed 4608K, reserved 1048576K
}
Event: 32.230 GC heap before
{Heap before GC invocations=10 (full 2):
 PSYoungGen      total 254464K, used 233472K [0x00000000d6000000, 0x00000000e7800000, 0x0000000100000000)
  eden space 233472K, 100% used [0x00000000d6000000,0x00000000e4400000,0x00000000e4400000)
  from space 20992K, 0% used [0x00000000e5400000,0x00000000e5400000,0x00000000e6880000)
  to   space 15872K, 0% used [0x00000000e6880000,0x00000000e6880000,0x00000000e7800000)
 ParOldGen       total 140800K, used 41948K [0x0000000082000000, 0x000000008a980000, 0x00000000d6000000)
  object space 140800K, 29% used [0x0000000082000000,0x00000000848f73d0,0x000000008a980000)
 Metaspace       used 51866K, capacity 53848K, committed 53888K, reserved 1095680K
  class space    used 6587K, capacity 7015K, committed 7040K, reserved 1048576K
Event: 32.277 GC heap after
Heap after GC invocations=10 (full 2):
 PSYoungGen      total 249344K, used 15852K [0x00000000d6000000, 0x00000000e7800000, 0x0000000100000000)
  eden space 233472K, 0% used [0x00000000d6000000,0x00000000d6000000,0x00000000e4400000)
  from space 15872K, 99% used [0x00000000e6880000,0x00000000e77fb060,0x00000000e7800000)
  to   space 20992K, 0% used [0x00000000e5400000,0x00000000e5400000,0x00000000e6880000)
 ParOldGen       total 140800K, used 51392K [0x0000000082000000, 0x000000008a980000, 0x00000000d6000000)
  object space 140800K, 36% used [0x0000000082000000,0x0000000085230230,0x000000008a980000)
 Metaspace       used 51866K, capacity 53848K, committed 53888K, reserved 1095680K
  class space    used 6587K, capacity 7015K, committed 7040K, reserved 1048576K
}

