# JRE version: Java(TM) SE Runtime Environment (8.0_221-b11) (build 1.8.0_221-b11)
# Java VM: Java HotSpot(TM) 64-Bit Server VM (25.221-b11 mixed mode windows-amd64 compressed oops)
Heap:
 PSYoungGen      total 143360K, used 13131K [0x00000000eb500000, 0x00000000f4e00000, 0x0000000100000000)
  eden space 131072K, 10% used [0x00000000eb500000,0x00000000ec1d2cb0,0x00000000f3500000)
  from space 12288K, 0% used [0x00000000f4200000,0x00000000f4200000,0x00000000f4e00000)
  to   space 12800K, 0% used [0x00000000f3500000,0x00000000f3500000,0x00000000f4180000)
 ParOldGen       total 97280K, used 43114K [0x00000000c1e00000, 0x00000000c7d00000, 0x00000000eb500000)
  object space 97280K, 44% used [0x00000000c1e00000,0x00000000c481a978,0x00000000c7d00000)
 Metaspace       used 24942K, capacity 25564K, committed 25856K, reserved 1073152K
  class space    used 2833K, capacity 3013K, committed 3072K, reserved 1048576K
GC Heap History (10 events):
Event: 8.879 GC heap before
{Heap before GC invocations=8 (full 1):
 PSYoungGen      total 143872K, used 6488K [0x00000000eb500000, 0x00000000f4e00000, 0x0000000100000000)
  eden space 131072K, 0% used [0x00000000eb500000,0x00000000eb500000,0x00000000f3500000)
  from space 12800K, 50% used [0x00000000f3500000,0x00000000f3b561b8,0x00000000f4180000)
  to   space 12288K, 0% used [0x00000000f4200000,0x00000000f4200000,0x00000000f4e00000)
 ParOldGen       total 44032K, used 21697K [0x00000000c1e00000, 0x00000000c4900000, 0x00000000eb500000)
  object space 44032K, 49% used [0x00000000c1e00000,0x00000000c33306a8,0x00000000c4900000)
 Metaspace       used 20606K, capacity 21064K, committed 21296K, reserved 1069056K
  class space    used 2451K, capacity 2586K, committed 2688K, reserved 1048576K
Event: 9.034 GC heap after
Heap after GC invocations=8 (full 1):
 PSYoungGen      total 143872K, used 0K [0x00000000eb500000, 0x00000000f4e00000, 0x0000000100000000)
  eden space 131072K, 0% used [0x00000000eb500000,0x00000000eb500000,0x00000000f3500000)
  from space 12800K, 0% used [0x00000000f3500000,0x00000000f3500000,0x00000000f4180000)
  to   space 12288K, 0% used [0x00000000f4200000,0x00000000f4200000,0x00000000f4e00000)
 ParOldGen       total 54784K, used 19014K [0x00000000c1e00000, 0x00000000c5380000, 0x00000000eb500000)
  object space 54784K, 34% used [0x00000000c1e00000,0x00000000c3091bd8,0x00000000c5380000)
 Metaspace       used 20606K, capacity 21064K, committed 21296K, reserved 1069056K
  class space    used 2451K, capacity 2586K, committed 2688K, reserved 1048576K
}
Event: 13.310 GC heap before
{Heap before GC invocations=9 (full 1):
 PSYoungGen      total 143872K, used 131072K [0x00000000eb500000, 0x00000000f4e00000, 0x0000000100000000)
  eden space 131072K, 100% used [0x00000000eb500000,0x00000000f3500000,0x00000000f3500000)
  from space 12800K, 0% used [0x00000000f3500000,0x00000000f3500000,0x00000000f4180000)
  to   space 12288K, 0% used [0x00000000f4200000,0x00000000f4200000,0x00000000f4e00000)
 ParOldGen       total 54784K, used 19014K [0x00000000c1e00000, 0x00000000c5380000, 0x00000000eb500000)
  object space 54784K, 34% used [0x00000000c1e00000,0x00000000c3091bd8,0x00000000c5380000)
 Metaspace       used 24104K, capacity 24632K, committed 24704K, reserved 1071104K
  class space    used 2764K, capacity 2920K, committed 2944K, reserved 1048576K
Event: 13.346 GC heap after
Heap after GC invocations=9 (full 1):
 PSYoungGen      total 143360K, used 12287K [0x00000000eb500000, 0x00000000f4e00000, 0x0000000100000000)
  eden space 131072K, 0% used [0x00000000eb500000,0x00000000eb500000,0x00000000f3500000)
  from space 12288K, 99% used [0x00000000f4200000,0x00000000f4dffd38,0x00000000f4e00000)
  to   space 12800K, 0% used [0x00000000f3500000,0x00000000f3500000,0x00000000f4180000)
 ParOldGen       total 54784K, used 29673K [0x00000000c1e00000, 0x00000000c5380000, 0x00000000eb500000)
  object space 54784K, 54% used [0x00000000c1e00000,0x00000000c3afa520,0x00000000c5380000)
 Metaspace       used 24104K, capacity 24632K, committed 24704K, reserved 1071104K
  class space    used 2764K, capacity 2920K, committed 2944K, reserved 1048576K
}
Event: 14.524 GC heap before
{Heap before GC invocations=10 (full 1):
 PSYoungGen      total 143360K, used 143359K [0x00000000eb500000, 0x00000000f4e00000, 0x0000000100000000)
  eden space 131072K, 100% used [0x00000000eb500000,0x00000000f3500000,0x00000000f3500000)
  from space 12288K, 99% used [0x00000000f4200000,0x00000000f4dffd38,0x00000000f4e00000)
  to   space 12800K, 0% used [0x00000000f3500000,0x00000000f3500000,0x00000000f4180000)
 ParOldGen       total 54784K, used 29673K [0x00000000c1e00000, 0x00000000c5380000, 0x00000000eb500000)
  object space 54784K, 54% used [0x00000000c1e00000,0x00000000c3afa520,0x00000000c5380000)
 Metaspace       used 24706K, capacity 25364K, committed 25600K, reserved 1071104K
  class space    used 2831K, capacity 3010K, committed 3072K, reserved 1048576K
Event: 14.559 GC heap after
Heap after GC invocations=10 (full 1):
 PSYoungGen      total 143872K, used 12795K [0x00000000eb500000, 0x00000000f4e00000, 0x0000000100000000)
  eden space 131072K, 0% used [0x00000000eb500000,0x00000000eb500000,0x00000000f3500000)
  from space 12800K, 99% used [0x00000000f3500000,0x00000000f417ee98,0x00000000f4180000)
  to   space 12288K, 0% used [0x00000000f4200000,0x00000000f4200000,0x00000000f4e00000)
 ParOldGen       total 54784K, used 33227K [0x00000000c1e00000, 0x00000000c5380000, 0x00000000eb500000)
  object space 54784K, 60% used [0x00000000c1e00000,0x00000000c3e72dc8,0x00000000c5380000)
 Metaspace       used 24706K, capacity 25364K, committed 25600K, reserved 1071104K
  class space    used 2831K, capacity 3010K, committed 3072K, reserved 1048576K
}
Event: 15.946 GC heap before
{Heap before GC invocations=11 (full 1):
 PSYoungGen      total 143872K, used 143867K [0x00000000eb500000, 0x00000000f4e00000, 0x0000000100000000)
  eden space 131072K, 100% used [0x00000000eb500000,0x00000000f3500000,0x00000000f3500000)
  from space 12800K, 99% used [0x00000000f3500000,0x00000000f417ee98,0x00000000f4180000)
  to   space 12288K, 0% used [0x00000000f4200000,0x00000000f4200000,0x00000000f4e00000)
 ParOldGen       total 54784K, used 33227K [0x00000000c1e00000, 0x00000000c5380000, 0x00000000eb500000)
  object space 54784K, 60% used [0x00000000c1e00000,0x00000000c3e72dc8,0x00000000c5380000)
 Metaspace       used 24935K, capacity 25564K, committed 25856K, reserved 1073152K
  class space    used 2833K, capacity 3013K, committed 3072K, reserved 1048576K
Event: 15.977 GC heap after
Heap after GC invocations=11 (full 1):
 PSYoungGen      total 143360K, used 8887K [0x00000000eb500000, 0x00000000f4e00000, 0x0000000100000000)
  eden space 131072K, 0% used [0x00000000eb500000,0x00000000eb500000,0x00000000f3500000)
  from space 12288K, 72% used [0x00000000f4200000,0x00000000f4aadf28,0x00000000f4e00000)
  to   space 12800K, 0% used [0x00000000f3500000,0x00000000f3500000,0x00000000f4180000)
 ParOldGen       total 54784K, used 44585K [0x00000000c1e00000, 0x00000000c5380000, 0x00000000eb500000)
  object space 54784K, 81% used [0x00000000c1e00000,0x00000000c498a478,0x00000000c5380000)
 Metaspace       used 24935K, capacity 25564K, committed 25856K, reserved 1073152K
  class space    used 2833K, capacity 3013K, committed 3072K, reserved 1048576K
}
Event: 15.977 GC heap before
{Heap before GC invocations=12 (full 2):
 PSYoungGen      total 143360K, used 8887K [0x00000000eb500000, 0x00000000f4e00000, 0x0000000100000000)
  eden space 131072K, 0% used [0x00000000eb500000,0x00000000eb500000,0x00000000f3500000)
  from space 12288K, 72% used [0x00000000f4200000,0x00000000f4aadf28,0x00000000f4e00000)
  to   space 12800K, 0% used [0x00000000f3500000,0x00000000f3500000,0x00000000f4180000)
 ParOldGen       total 54784K, used 44585K [0x00000000c1e00000, 0x00000000c5380000, 0x00000000eb500000)
  object space 54784K, 81% used [0x00000000c1e00000,0x00000000c498a478,0x00000000c5380000)
 Metaspace       used 24935K, capacity 25564K, committed 25856K, reserved 1073152K
  class space    used 2833K, capacity 3013K, committed 3072K, reserved 1048576K
Event: 16.212 GC heap after
Heap after GC invocations=12 (full 2):
 PSYoungGen      total 143360K, used 0K [0x00000000eb500000, 0x00000000f4e00000, 0x0000000100000000)
  eden space 131072K, 0% used [0x00000000eb500000,0x00000000eb500000,0x00000000f3500000)
  from space 12288K, 0% used [0x00000000f4200000,0x00000000f4200000,0x00000000f4e00000)
  to   space 12800K, 0% used [0x00000000f3500000,0x00000000f3500000,0x00000000f4180000)
 ParOldGen       total 97280K, used 43114K [0x00000000c1e00000, 0x00000000c7d00000, 0x00000000eb500000)
  object space 97280K, 44% used [0x00000000c1e00000,0x00000000c481a978,0x00000000c7d00000)
 Metaspace       used 24935K, capacity 25564K, committed 25856K, reserved 1073152K
  class space    used 2833K, capacity 3013K, committed 3072K, reserved 1048576K
}

